<?xml version="1.0" encoding="UTF-8"?>
<!-- Generated by org.testng.reporters.JUnitReportReporter -->
<testsuite hostname="LAPTOP-A3VH180C" failures="0" tests="9" name="task.TaskExecution" time="40.656" errors="1" timestamp="2023-01-07T11:17:20 IST" skipped="0">
  <testcase classname="task.TaskExecution" name="assignment_Script" time="3.283"/>
  <system-out>
    <![CDATA[TC to test Script to validate fuctional testing scenario started
Chrome Browser Launched and navigated to URL : 
Title Before Login : Demo App
111111111111111
000000000000000
Title After Login : Demo App
Login Successful
original List : [- 320.00 USD, - 244.00 USD, + 17.99 USD, + 340.00 USD, + 952.23 USD, + 1,250.00 USD]
Temp List : [+ 1,250.00 USD, + 17.99 USD, + 340.00 USD, + 952.23 USD, - 244.00 USD, - 320.00 USD]
Amounts are Not in Sorted order...]]>
  </system-out>
  <testcase classname="task.TaskExecution" name="assignment_Script" time="5.165"/>
  <system-out>
    <![CDATA[TC to test Script to validate fuctional testing scenario started
Chrome Browser Launched and navigated to URL : 
Title Before Login : Demo App
surajamburu
Relevel
Title After Login : Demo App
Login Successful
original List : [- 320.00 USD, - 244.00 USD, + 17.99 USD, + 340.00 USD, + 952.23 USD, + 1,250.00 USD]
Temp List : [+ 1,250.00 USD, + 17.99 USD, + 340.00 USD, + 952.23 USD, - 244.00 USD, - 320.00 USD]
Amounts are Not in Sorted order...]]>
  </system-out>
  <testcase classname="task.TaskExecution" name="assignment_Script" time="3.107"/>
  <system-out>
    <![CDATA[TC to test Script to validate fuctional testing scenario started
Chrome Browser Launched and navigated to URL : 
Title Before Login : Demo App
12113
121412
Title After Login : Demo App
Login Successful
original List : [- 320.00 USD, - 244.00 USD, + 17.99 USD, + 340.00 USD, + 952.23 USD, + 1,250.00 USD]
Temp List : [+ 1,250.00 USD, + 17.99 USD, + 340.00 USD, + 952.23 USD, - 244.00 USD, - 320.00 USD]
Amounts are Not in Sorted order...]]>
  </system-out>
  <testcase classname="task.TaskExecution" name="assignment_Script" time="12.659">
    <error message="no such element: Unable to locate element: {&quot;method&quot;:&quot;xpath&quot;,&quot;selector&quot;:&quot;//th[contains(text(),&#039;Amount&#039;)]&quot;}
  (Session info: chrome=108.0.5359.125)
For documentation on this error, please visit: https://www.seleniumhq.org/exceptions/no_such_element.html
Build info: version: &#039;3.141.59&#039;, revision: &#039;e82be7d358&#039;, time: &#039;2018-11-14T08:25:48&#039;
System info: host: &#039;LAPTOP-A3VH180C&#039;, ip: &#039;192.168.1.19&#039;, os.name: &#039;Windows 10&#039;, os.arch: &#039;amd64&#039;, os.version: &#039;10.0&#039;, java.version: &#039;16.0.1&#039;
Driver info: org.openqa.selenium.chrome.ChromeDriver
Capabilities {acceptInsecureCerts: false, browserName: chrome, browserVersion: 108.0.5359.125, chrome: {chromedriverVersion: 108.0.5359.71 (1e0e3868ee06..., userDataDir: C:\Users\ambur\AppData\Loca...}, goog:chromeOptions: {debuggerAddress: localhost:52363}, javascriptEnabled: true, networkConnectionEnabled: false, pageLoadStrategy: normal, platform: WINDOWS, platformName: WINDOWS, proxy: Proxy(), setWindowRect: true, strictFileInteractability: false, timeouts: {implicit: 0, pageLoad: 300000, script: 30000}, unhandledPromptBehavior: dismiss and notify, webauthn:extension:credBlob: true, webauthn:extension:largeBlob: true, webauthn:virtualAuthenticators: true}
Session ID: d26f7f3fc326483116b0bdba08127885
*** Element info: {Using=xpath, value=//th[contains(text(),&#039;Amount&#039;)]}" type="org.openqa.selenium.NoSuchElementException">
      <![CDATA[org.openqa.selenium.NoSuchElementException: no such element: Unable to locate element: {"method":"xpath","selector":"//th[contains(text(),'Amount')]"}
  (Session info: chrome=108.0.5359.125)
For documentation on this error, please visit: https://www.seleniumhq.org/exceptions/no_such_element.html
Build info: version: '3.141.59', revision: 'e82be7d358', time: '2018-11-14T08:25:48'
System info: host: 'LAPTOP-A3VH180C', ip: '192.168.1.19', os.name: 'Windows 10', os.arch: 'amd64', os.version: '10.0', java.version: '16.0.1'
Driver info: org.openqa.selenium.chrome.ChromeDriver
Capabilities {acceptInsecureCerts: false, browserName: chrome, browserVersion: 108.0.5359.125, chrome: {chromedriverVersion: 108.0.5359.71 (1e0e3868ee06..., userDataDir: C:\Users\ambur\AppData\Loca...}, goog:chromeOptions: {debuggerAddress: localhost:52363}, javascriptEnabled: true, networkConnectionEnabled: false, pageLoadStrategy: normal, platform: WINDOWS, platformName: WINDOWS, proxy: Proxy(), setWindowRect: true, strictFileInteractability: false, timeouts: {implicit: 0, pageLoad: 300000, script: 30000}, unhandledPromptBehavior: dismiss and notify, webauthn:extension:credBlob: true, webauthn:extension:largeBlob: true, webauthn:virtualAuthenticators: true}
Session ID: d26f7f3fc326483116b0bdba08127885
*** Element info: {Using=xpath, value=//th[contains(text(),'Amount')]}
at java.base/jdk.internal.reflect.NativeConstructorAccessorImpl.newInstance0(Native Method)
at java.base/jdk.internal.reflect.NativeConstructorAccessorImpl.newInstance(NativeConstructorAccessorImpl.java:78)
at java.base/jdk.internal.reflect.DelegatingConstructorAccessorImpl.newInstance(DelegatingConstructorAccessorImpl.java:45)
at java.base/java.lang.reflect.Constructor.newInstanceWithCaller(Constructor.java:499)
at java.base/java.lang.reflect.Constructor.newInstance(Constructor.java:480)
at org.openqa.selenium.remote.http.W3CHttpResponseCodec.createException(W3CHttpResponseCodec.java:187)
at org.openqa.selenium.remote.http.W3CHttpResponseCodec.decode(W3CHttpResponseCodec.java:122)
at org.openqa.selenium.remote.http.W3CHttpResponseCodec.decode(W3CHttpResponseCodec.java:49)
at org.openqa.selenium.remote.HttpCommandExecutor.execute(HttpCommandExecutor.java:158)
at org.openqa.selenium.remote.service.DriverCommandExecutor.execute(DriverCommandExecutor.java:83)
at org.openqa.selenium.remote.RemoteWebDriver.execute(RemoteWebDriver.java:552)
at org.openqa.selenium.remote.RemoteWebDriver.findElement(RemoteWebDriver.java:323)
at org.openqa.selenium.remote.RemoteWebDriver.findElementByXPath(RemoteWebDriver.java:428)
at org.openqa.selenium.By$ByXPath.findElement(By.java:353)
at org.openqa.selenium.remote.RemoteWebDriver.findElement(RemoteWebDriver.java:315)
at task.TaskExecution.assignment_Script(TaskExecution.java:48)
at java.base/jdk.internal.reflect.NativeMethodAccessorImpl.invoke0(Native Method)
at java.base/jdk.internal.reflect.NativeMethodAccessorImpl.invoke(NativeMethodAccessorImpl.java:78)
at java.base/jdk.internal.reflect.DelegatingMethodAccessorImpl.invoke(DelegatingMethodAccessorImpl.java:43)
at java.base/java.lang.reflect.Method.invoke(Method.java:567)
at org.testng.internal.MethodInvocationHelper.invokeMethod(MethodInvocationHelper.java:133)
at org.testng.internal.TestInvoker.invokeMethod(TestInvoker.java:598)
at org.testng.internal.TestInvoker.invokeTestMethod(TestInvoker.java:173)
at org.testng.internal.MethodRunner.runInSequence(MethodRunner.java:46)
at org.testng.internal.TestInvoker$MethodInvocationAgent.invoke(TestInvoker.java:824)
at org.testng.internal.TestInvoker.invokeTestMethods(TestInvoker.java:146)
at org.testng.internal.TestMethodWorker.invokeTestMethods(TestMethodWorker.java:146)
at org.testng.internal.TestMethodWorker.run(TestMethodWorker.java:128)
at java.base/java.util.ArrayList.forEach(ArrayList.java:1511)
at org.testng.TestRunner.privateRun(TestRunner.java:794)
at org.testng.TestRunner.run(TestRunner.java:596)
at org.testng.SuiteRunner.runTest(SuiteRunner.java:377)
at org.testng.SuiteRunner.runSequentially(SuiteRunner.java:371)
at org.testng.SuiteRunner.privateRun(SuiteRunner.java:332)
at org.testng.SuiteRunner.run(SuiteRunner.java:276)
at org.testng.SuiteRunnerWorker.runSuite(SuiteRunnerWorker.java:53)
at org.testng.SuiteRunnerWorker.run(SuiteRunnerWorker.java:96)
at org.testng.TestNG.runSuitesSequentially(TestNG.java:1212)
at org.testng.TestNG.runSuitesLocally(TestNG.java:1134)
at org.testng.TestNG.runSuites(TestNG.java:1063)
at org.testng.TestNG.run(TestNG.java:1031)
at org.testng.remote.AbstractRemoteTestNG.run(AbstractRemoteTestNG.java:115)
at org.testng.remote.RemoteTestNG.initAndRun(RemoteTestNG.java:251)
at org.testng.remote.RemoteTestNG.main(RemoteTestNG.java:77)
]]>
    </error>
  </testcase> <!-- assignment_Script -->
  <system-out>
    <![CDATA[TC to test Script to validate fuctional testing scenario started
Chrome Browser Launched and navigated to URL : 
Title Before Login : Demo App


Title After Login : Demo App
Login Successful]]>
  </system-out>
  <testcase classname="task.TaskExecution" name="assignment_Script" time="3.325"/>
  <system-out>
    <![CDATA[TC to test Script to validate fuctional testing scenario started
Chrome Browser Launched and navigated to URL : 
Title Before Login : Demo App
Gmail
abcd
Title After Login : Demo App
Login Successful
original List : [- 320.00 USD, - 244.00 USD, + 17.99 USD, + 340.00 USD, + 952.23 USD, + 1,250.00 USD]
Temp List : [+ 1,250.00 USD, + 17.99 USD, + 340.00 USD, + 952.23 USD, - 244.00 USD, - 320.00 USD]
Amounts are Not in Sorted order...]]>
  </system-out>
  <testcase classname="task.TaskExecution" name="assignment_Script" time="3.231"/>
  <system-out>
    <![CDATA[TC to test Script to validate fuctional testing scenario started
Chrome Browser Launched and navigated to URL : 
Title Before Login : Demo App
@#&%*
*^*@%
Title After Login : Demo App
Login Successful
original List : [- 320.00 USD, - 244.00 USD, + 17.99 USD, + 340.00 USD, + 952.23 USD, + 1,250.00 USD]
Temp List : [+ 1,250.00 USD, + 17.99 USD, + 340.00 USD, + 952.23 USD, - 244.00 USD, - 320.00 USD]
Amounts are Not in Sorted order...]]>
  </system-out>
  <testcase classname="task.TaskExecution" name="assignment_Script" time="3.490"/>
  <system-out>
    <![CDATA[TC to test Script to validate fuctional testing scenario started
Chrome Browser Launched and navigated to URL : 
Title Before Login : Demo App
abc@abc
Abc@224
Title After Login : Demo App
Login Successful
original List : [- 320.00 USD, - 244.00 USD, + 17.99 USD, + 340.00 USD, + 952.23 USD, + 1,250.00 USD]
Temp List : [+ 1,250.00 USD, + 17.99 USD, + 340.00 USD, + 952.23 USD, - 244.00 USD, - 320.00 USD]
Amounts are Not in Sorted order...]]>
  </system-out>
  <testcase classname="task.TaskExecution" name="assignment_Script" time="3.195"/>
  <system-out>
    <![CDATA[TC to test Script to validate fuctional testing scenario started
Chrome Browser Launched and navigated to URL : 
Title Before Login : Demo App
SURAJ
RELEVEL
Title After Login : Demo App
Login Successful
original List : [- 320.00 USD, - 244.00 USD, + 17.99 USD, + 340.00 USD, + 952.23 USD, + 1,250.00 USD]
Temp List : [+ 1,250.00 USD, + 17.99 USD, + 340.00 USD, + 952.23 USD, - 244.00 USD, - 320.00 USD]
Amounts are Not in Sorted order...]]>
  </system-out>
  <testcase classname="task.TaskExecution" name="assignment_Script" time="3.201"/>
  <system-out>
    <![CDATA[TC to test Script to validate fuctional testing scenario started
Chrome Browser Launched and navigated to URL : 
Title Before Login : Demo App
aaaaaaaaaaa
bbbbbbbbbbb
Title After Login : Demo App
Login Successful
original List : [- 320.00 USD, - 244.00 USD, + 17.99 USD, + 340.00 USD, + 952.23 USD, + 1,250.00 USD]
Temp List : [+ 1,250.00 USD, + 17.99 USD, + 340.00 USD, + 952.23 USD, - 244.00 USD, - 320.00 USD]
Amounts are Not in Sorted order...]]>
  </system-out>
</testsuite> <!-- task.TaskExecution -->
